0 info it worked if it ends with ok
1 verbose cli [ '/opt/node/bin/node', '/opt/node/bin/npm', 'start' ]
2 info using npm@1.2.15
3 info using node@v0.10.2
4 verbose node symlink /opt/node/bin/node
5 verbose read json /home/pi/pible/server/package.json
6 warn package.json lists@0.0.0 No README.md file found!
7 verbose run-script [ 'prestart', 'start', 'poststart' ]
8 info prestart lists@0.0.0
9 info start lists@0.0.0
10 verbose unsafe-perm in lifecycle true
11 silly exec sh "-c" "node ./bin/www"
12 silly sh,-c,node ./bin/www,/home/pi/pible/server spawning
13 info lists@0.0.0 Failed to exec start script
14 error lists@0.0.0 start: `node ./bin/www`
14 error `sh "-c" "node ./bin/www"` failed with 8
15 error Failed at the lists@0.0.0 start script.
15 error This is most likely a problem with the lists package,
15 error not with npm itself.
15 error Tell the author that this fails on your system:
15 error     node ./bin/www
15 error You can get their info via:
15 error     npm owner ls lists
15 error There is likely additional logging output above.
16 error System Linux 3.12.28+
17 error command "/opt/node/bin/node" "/opt/node/bin/npm" "start"
18 error cwd /home/pi/pible/server
19 error node -v v0.10.2
20 error npm -v 1.2.15
21 error code ELIFECYCLE
22 verbose exit [ 1, true ]
